# JRE version: OpenJDK Runtime Environment (11.0.13) (build 11.0.13+0-b1751.21-8125866)
# Java VM: OpenJDK 64-Bit Server VM (11.0.13+0-b1751.21-8125866, mixed mode, tiered, compressed oops, g1 gc, windows-amd64)
Heap:
 garbage-first heap   total 331776K, used 274478K [0x0000000080000000, 0x0000000100000000)
  region size 1024K, 196 young (200704K), 16 survivors (16384K)
 Metaspace       used 44512K, capacity 45659K, committed 45852K, reserved 1089536K
  class space    used 5615K, capacity 6029K, committed 6092K, reserved 1048576K
GC Heap History (20 events):
Event: 21.075 GC heap after
{Heap after GC invocations=40 (full 0):
 garbage-first heap   total 226304K, used 78791K [0x0000000080000000, 0x0000000100000000)
  region size 1024K, 5 young (5120K), 5 survivors (5120K)
 Metaspace       used 44447K, capacity 45563K, committed 45852K, reserved 1089536K
  class space    used 5605K, capacity 5997K, committed 6092K, reserved 1048576K
}
Event: 21.267 GC heap before
{Heap before GC invocations=40 (full 0):
 garbage-first heap   total 226304K, used 191431K [0x0000000080000000, 0x0000000100000000)
  region size 1024K, 110 young (112640K), 5 survivors (5120K)
 Metaspace       used 44449K, capacity 45563K, committed 45852K, reserved 1089536K
  class space    used 5605K, capacity 5997K, committed 6092K, reserved 1048576K
}
Event: 21.272 GC heap after
{Heap after GC invocations=41 (full 0):
 garbage-first heap   total 226304K, used 79376K [0x0000000080000000, 0x0000000100000000)
  region size 1024K, 5 young (5120K), 5 survivors (5120K)
 Metaspace       used 44449K, capacity 45563K, committed 45852K, reserved 1089536K
  class space    used 5605K, capacity 5997K, committed 6092K, reserved 1048576K
}
Event: 21.513 GC heap before
{Heap before GC invocations=41 (full 0):
 garbage-first heap   total 226304K, used 185872K [0x0000000080000000, 0x0000000100000000)
  region size 1024K, 110 young (112640K), 5 survivors (5120K)
 Metaspace       used 44450K, capacity 45563K, committed 45852K, reserved 1089536K
  class space    used 5605K, capacity 5997K, committed 6092K, reserved 1048576K
}
Event: 21.520 GC heap after
{Heap after GC invocations=42 (full 0):
 garbage-first heap   total 276480K, used 80538K [0x0000000080000000, 0x0000000100000000)
  region size 1024K, 7 young (7168K), 7 survivors (7168K)
 Metaspace       used 44450K, capacity 45563K, committed 45852K, reserved 1089536K
  class space    used 5605K, capacity 5997K, committed 6092K, reserved 1048576K
}
Event: 21.755 GC heap before
{Heap before GC invocations=42 (full 0):
 garbage-first heap   total 276480K, used 208538K [0x0000000080000000, 0x0000000100000000)
  region size 1024K, 133 young (136192K), 7 survivors (7168K)
 Metaspace       used 44459K, capacity 45563K, committed 45852K, reserved 1089536K
  class space    used 5606K, capacity 5997K, committed 6092K, reserved 1048576K
}
Event: 21.761 GC heap after
{Heap after GC invocations=43 (full 0):
 garbage-first heap   total 276480K, used 82051K [0x0000000080000000, 0x0000000100000000)
  region size 1024K, 8 young (8192K), 8 survivors (8192K)
 Metaspace       used 44459K, capacity 45563K, committed 45852K, reserved 1089536K
  class space    used 5606K, capacity 5997K, committed 6092K, reserved 1048576K
}
Event: 21.990 GC heap before
{Heap before GC invocations=43 (full 0):
 garbage-first heap   total 276480K, used 235651K [0x0000000080000000, 0x0000000100000000)
  region size 1024K, 159 young (162816K), 8 survivors (8192K)
 Metaspace       used 44459K, capacity 45563K, committed 45852K, reserved 1089536K
  class space    used 5606K, capacity 5997K, committed 6092K, reserved 1048576K
}
Event: 21.997 GC heap after
{Heap after GC invocations=44 (full 0):
 garbage-first heap   total 276480K, used 83086K [0x0000000080000000, 0x0000000100000000)
  region size 1024K, 9 young (9216K), 9 survivors (9216K)
 Metaspace       used 44459K, capacity 45563K, committed 45852K, reserved 1089536K
  class space    used 5606K, capacity 5997K, committed 6092K, reserved 1048576K
}
Event: 22.206 GC heap before
{Heap before GC invocations=44 (full 0):
 garbage-first heap   total 276480K, used 235662K [0x0000000080000000, 0x0000000100000000)
  region size 1024K, 159 young (162816K), 9 survivors (9216K)
 Metaspace       used 44464K, capacity 45563K, committed 45852K, reserved 1089536K
  class space    used 5606K, capacity 5997K, committed 6092K, reserved 1048576K
}
Event: 22.216 GC heap after
{Heap after GC invocations=45 (full 0):
 garbage-first heap   total 276480K, used 84672K [0x0000000080000000, 0x0000000100000000)
  region size 1024K, 10 young (10240K), 10 survivors (10240K)
 Metaspace       used 44464K, capacity 45563K, committed 45852K, reserved 1089536K
  class space    used 5606K, capacity 5997K, committed 6092K, reserved 1048576K
}
Event: 22.426 GC heap before
{Heap before GC invocations=45 (full 0):
 garbage-first heap   total 276480K, used 238272K [0x0000000080000000, 0x0000000100000000)
  region size 1024K, 160 young (163840K), 10 survivors (10240K)
 Metaspace       used 44465K, capacity 45563K, committed 45852K, reserved 1089536K
  class space    used 5606K, capacity 5997K, committed 6092K, reserved 1048576K
}
Event: 22.436 GC heap after
{Heap after GC invocations=46 (full 0):
 garbage-first heap   total 331776K, used 84027K [0x0000000080000000, 0x0000000100000000)
  region size 1024K, 10 young (10240K), 10 survivors (10240K)
 Metaspace       used 44465K, capacity 45563K, committed 45852K, reserved 1089536K
  class space    used 5606K, capacity 5997K, committed 6092K, reserved 1048576K
}
Event: 22.621 GC heap before
{Heap before GC invocations=46 (full 0):
 garbage-first heap   total 331776K, used 264251K [0x0000000080000000, 0x0000000100000000)
  region size 1024K, 185 young (189440K), 10 survivors (10240K)
 Metaspace       used 44479K, capacity 45563K, committed 45852K, reserved 1089536K
  class space    used 5608K, capacity 5997K, committed 6092K, reserved 1048576K
}
Event: 22.630 GC heap after
{Heap after GC invocations=47 (full 0):
 garbage-first heap   total 331776K, used 87298K [0x0000000080000000, 0x0000000100000000)
  region size 1024K, 11 young (11264K), 11 survivors (11264K)
 Metaspace       used 44479K, capacity 45563K, committed 45852K, reserved 1089536K
  class space    used 5608K, capacity 5997K, committed 6092K, reserved 1048576K
}
Event: 22.855 GC heap before
{Heap before GC invocations=47 (full 0):
 garbage-first heap   total 331776K, used 274690K [0x0000000080000000, 0x0000000100000000)
  region size 1024K, 194 young (198656K), 11 survivors (11264K)
 Metaspace       used 44510K, capacity 45659K, committed 45852K, reserved 1089536K
  class space    used 5615K, capacity 6029K, committed 6092K, reserved 1048576K
}
Event: 22.866 GC heap after
{Heap after GC invocations=48 (full 0):
 garbage-first heap   total 331776K, used 87587K [0x0000000080000000, 0x0000000100000000)
  region size 1024K, 13 young (13312K), 13 survivors (13312K)
 Metaspace       used 44510K, capacity 45659K, committed 45852K, reserved 1089536K
  class space    used 5615K, capacity 6029K, committed 6092K, reserved 1048576K
}
Event: 23.105 GC heap before
{Heap before GC invocations=48 (full 0):
 garbage-first heap   total 331776K, used 274979K [0x0000000080000000, 0x0000000100000000)
  region size 1024K, 194 young (198656K), 13 survivors (13312K)
 Metaspace       used 44512K, capacity 45659K, committed 45852K, reserved 1089536K
  class space    used 5615K, capacity 6029K, committed 6092K, reserved 1048576K
}
Event: 23.116 GC heap after
{Heap after GC invocations=49 (full 0):
 garbage-first heap   total 331776K, used 89134K [0x0000000080000000, 0x0000000100000000)
  region size 1024K, 14 young (14336K), 14 survivors (14336K)
 Metaspace       used 44512K, capacity 45659K, committed 45852K, reserved 1089536K
  class space    used 5615K, capacity 6029K, committed 6092K, reserved 1048576K
}
Event: 23.376 GC heap before
{Heap before GC invocations=49 (full 0):
 garbage-first heap   total 331776K, used 273454K [0x0000000080000000, 0x0000000100000000)
  region size 1024K, 194 young (198656K), 14 survivors (14336K)
 Metaspace       used 44512K, capacity 45659K, committed 45852K, reserved 1089536K
  class space    used 5615K, capacity 6029K, committed 6092K, reserved 1048576K
}

